# JRE version: Java(TM) SE Runtime Environment (15.0.1+9) (build 15.0.1+9-18)
# Java VM: Java HotSpot(TM) 64-Bit Server VM (15.0.1+9-18, mixed mode, sharing, tiered, compressed oops, g1 gc, windows-amd64)
GC Precious Log:
 CPUs: 8 total, 8 available
 Memory: 6030M
 Large Page Support: Disabled
 NUMA Support: Disabled
 Compressed Oops: Enabled (32-bit)
 Heap Region Size: 1M
 Heap Min Capacity: 8M
 Heap Initial Capacity: 96M
 Heap Max Capacity: 1536M
 Pre-touch: Disabled
 Parallel Workers: 8
 Concurrent Workers: 2
 Concurrent Refinement Workers: 8
 Periodic GC: Disabled
Heap:
 garbage-first heap   total 211968K, used 134502K [0x00000000a0000000, 0x0000000100000000)
  region size 1024K, 26 young (26624K), 7 survivors (7168K)
 Metaspace       used 92501K, capacity 94139K, committed 94336K, reserved 1130496K
  class space    used 12068K, capacity 12543K, committed 12672K, reserved 1048576K
GC Heap History (20 events):
Event: 161.372 GC heap before
{Heap before GC invocations=53 (full 0):
 garbage-first heap   total 142336K, used 114010K [0x00000000a0000000, 0x0000000100000000)
  region size 1024K, 35 young (35840K), 4 survivors (4096K)
 Metaspace       used 69987K, capacity 71368K, committed 71680K, reserved 1112064K
  class space    used 9197K, capacity 9644K, committed 9728K, reserved 1048576K
}
Event: 161.382 GC heap after
{Heap after GC invocations=54 (full 0):
 garbage-first heap   total 142336K, used 86266K [0x00000000a0000000, 0x0000000100000000)
  region size 1024K, 4 young (4096K), 4 survivors (4096K)
 Metaspace       used 69987K, capacity 71368K, committed 71680K, reserved 1112064K
  class space    used 9197K, capacity 9644K, committed 9728K, reserved 1048576K
}
Event: 162.298 GC heap before
{Heap before GC invocations=55 (full 0):
 garbage-first heap   total 150528K, used 114938K [0x00000000a0000000, 0x0000000100000000)
  region size 1024K, 32 young (32768K), 4 survivors (4096K)
 Metaspace       used 72001K, capacity 73369K, committed 73472K, reserved 1112064K
  class space    used 9527K, capacity 9982K, committed 9984K, reserved 1048576K
}
Event: 162.308 GC heap after
{Heap after GC invocations=56 (full 0):
 garbage-first heap   total 150528K, used 89428K [0x00000000a0000000, 0x0000000100000000)
  region size 1024K, 4 young (4096K), 4 survivors (4096K)
 Metaspace       used 72001K, capacity 73369K, committed 73472K, reserved 1112064K
  class space    used 9527K, capacity 9982K, committed 9984K, reserved 1048576K
}
Event: 163.527 GC heap before
{Heap before GC invocations=56 (full 0):
 garbage-first heap   total 150528K, used 122196K [0x00000000a0000000, 0x0000000100000000)
  region size 1024K, 36 young (36864K), 4 survivors (4096K)
 Metaspace       used 75164K, capacity 76582K, committed 76800K, reserved 1116160K
  class space    used 9979K, capacity 10446K, committed 10496K, reserved 1048576K
}
Event: 163.537 GC heap after
{Heap after GC invocations=57 (full 0):
 garbage-first heap   total 150528K, used 91715K [0x00000000a0000000, 0x0000000100000000)
  region size 1024K, 3 young (3072K), 3 survivors (3072K)
 Metaspace       used 75164K, capacity 76582K, committed 76800K, reserved 1116160K
  class space    used 9979K, capacity 10446K, committed 10496K, reserved 1048576K
}
Event: 164.760 GC heap before
{Heap before GC invocations=58 (full 0):
 garbage-first heap   total 163840K, used 122435K [0x00000000a0000000, 0x0000000100000000)
  region size 1024K, 33 young (33792K), 3 survivors (3072K)
 Metaspace       used 78160K, capacity 79633K, committed 79744K, reserved 1118208K
  class space    used 10329K, capacity 10830K, committed 10880K, reserved 1048576K
}
Event: 164.771 GC heap after
{Heap after GC invocations=59 (full 0):
 garbage-first heap   total 163840K, used 94899K [0x00000000a0000000, 0x0000000100000000)
  region size 1024K, 5 young (5120K), 5 survivors (5120K)
 Metaspace       used 78160K, capacity 79633K, committed 79744K, reserved 1118208K
  class space    used 10329K, capacity 10830K, committed 10880K, reserved 1048576K
}
Event: 165.824 GC heap before
{Heap before GC invocations=59 (full 0):
 garbage-first heap   total 163840K, used 132787K [0x00000000a0000000, 0x0000000100000000)
  region size 1024K, 43 young (44032K), 5 survivors (5120K)
 Metaspace       used 80839K, capacity 82388K, committed 82560K, reserved 1120256K
  class space    used 10638K, capacity 11099K, committed 11136K, reserved 1048576K
}
Event: 165.839 GC heap after
{Heap after GC invocations=60 (full 0):
 garbage-first heap   total 163840K, used 101031K [0x00000000a0000000, 0x0000000100000000)
  region size 1024K, 6 young (6144K), 6 survivors (6144K)
 Metaspace       used 80839K, capacity 82388K, committed 82560K, reserved 1120256K
  class space    used 10638K, capacity 11099K, committed 11136K, reserved 1048576K
}
Event: 168.570 GC heap before
{Heap before GC invocations=61 (full 0):
 garbage-first heap   total 178176K, used 131751K [0x00000000a0000000, 0x0000000100000000)
  region size 1024K, 37 young (37888K), 6 survivors (6144K)
 Metaspace       used 83142K, capacity 84690K, committed 84992K, reserved 1122304K
  class space    used 10964K, capacity 11458K, committed 11520K, reserved 1048576K
}
Event: 168.581 GC heap after
{Heap after GC invocations=62 (full 0):
 garbage-first heap   total 178176K, used 103056K [0x00000000a0000000, 0x0000000100000000)
  region size 1024K, 3 young (3072K), 3 survivors (3072K)
 Metaspace       used 83142K, capacity 84690K, committed 84992K, reserved 1122304K
  class space    used 10964K, capacity 11458K, committed 11520K, reserved 1048576K
}
Event: 169.796 GC heap before
{Heap before GC invocations=62 (full 0):
 garbage-first heap   total 178176K, used 144016K [0x00000000a0000000, 0x0000000100000000)
  region size 1024K, 44 young (45056K), 3 survivors (3072K)
 Metaspace       used 83876K, capacity 85383K, committed 85632K, reserved 1124352K
  class space    used 11058K, capacity 11561K, committed 11648K, reserved 1048576K
}
Event: 169.806 GC heap after
{Heap after GC invocations=63 (full 0):
 garbage-first heap   total 178176K, used 105025K [0x00000000a0000000, 0x0000000100000000)
  region size 1024K, 5 young (5120K), 5 survivors (5120K)
 Metaspace       used 83876K, capacity 85383K, committed 85632K, reserved 1124352K
  class space    used 11058K, capacity 11561K, committed 11648K, reserved 1048576K
}
Event: 173.032 GC heap before
{Heap before GC invocations=64 (full 0):
 garbage-first heap   total 186368K, used 144961K [0x00000000a0000000, 0x0000000100000000)
  region size 1024K, 45 young (46080K), 5 survivors (5120K)
 Metaspace       used 84982K, capacity 86556K, committed 86784K, reserved 1124352K
  class space    used 11210K, capacity 11693K, committed 11776K, reserved 1048576K
}
Event: 173.045 GC heap after
{Heap after GC invocations=65 (full 0):
 garbage-first heap   total 186368K, used 107489K [0x00000000a0000000, 0x0000000100000000)
  region size 1024K, 5 young (5120K), 5 survivors (5120K)
 Metaspace       used 84982K, capacity 86556K, committed 86784K, reserved 1124352K
  class space    used 11210K, capacity 11693K, committed 11776K, reserved 1048576K
}
Event: 174.159 GC heap before
{Heap before GC invocations=65 (full 0):
 garbage-first heap   total 186368K, used 152545K [0x00000000a0000000, 0x0000000100000000)
  region size 1024K, 50 young (51200K), 5 survivors (5120K)
 Metaspace       used 85720K, capacity 87323K, committed 87552K, reserved 1124352K
  class space    used 11269K, capacity 11768K, committed 11776K, reserved 1048576K
}
Event: 174.173 GC heap after
{Heap after GC invocations=66 (full 0):
 garbage-first heap   total 186368K, used 110686K [0x00000000a0000000, 0x0000000100000000)
  region size 1024K, 6 young (6144K), 6 survivors (6144K)
 Metaspace       used 85720K, capacity 87323K, committed 87552K, reserved 1124352K
  class space    used 11269K, capacity 11768K, committed 11776K, reserved 1048576K
}
Event: 192.901 GC heap before
{Heap before GC invocations=67 (full 0):
 garbage-first heap   total 191488K, used 125022K [0x00000000a0000000, 0x0000000100000000)
  region size 1024K, 22 young (22528K), 6 survivors (6144K)
 Metaspace       used 92411K, capacity 94087K, committed 94336K, reserved 1130496K
  class space    used 12065K, capacity 12547K, committed 12672K, reserved 1048576K
}
Event: 192.994 GC heap after
{Heap after GC invocations=68 (full 0):
 garbage-first heap   total 191488K, used 115046K [0x00000000a0000000, 0x0000000100000000)
  region size 1024K, 7 young (7168K), 7 survivors (7168K)
 Metaspace       used 92411K, capacity 94087K, committed 94336K, reserved 1130496K
  class space    used 12065K, capacity 12547K, committed 12672K, reserved 1048576K
}

